# JRE version: OpenJDK Runtime Environment Zulu25.30+17-CA (25.0.1+8) (build 25.0.1+8-LTS)
# Java VM: OpenJDK 64-Bit Server VM Zulu25.30+17-CA (25.0.1+8-LTS, mixed mode, sharing, tiered, compressed oops, compressed class ptrs, g1 gc, windows-amd64)
GC Precious Log:
 CardTable entry size: 512
 Card Set container configuration: InlinePtr #cards 4 size 8 Array Of Cards #cards 16 size 48 Howl #buckets 8 coarsen threshold 3686 Howl Bitmap #cards 512 size 80 coarsen threshold 460 Card regions per heap region 1 cards per card region 4096
 CPUs: 8 total, 8 available
 Memory: 16198M
 Large Page Support: Disabled
 NUMA Support: Disabled
 Compressed Oops: Enabled (Zero based)
 Heap Region Size: 2M
 Heap Min Capacity: 8M
 Heap Initial Capacity: 254M
 Heap Max Capacity: 4050M
 Pre-touch: Disabled
 Parallel Workers: 8
 Concurrent Workers: 2
 Concurrent Refinement Workers: 8
 Periodic GC: Disabled
Heap:
 garbage-first heap   total reserved 4147200K, committed 53248K, used 43962K [0x0000000702e00000, 0x0000000800000000)
  region size 2048K, 11 young (22528K), 1 survivors (2048K)
GC Heap Usage History (20 events):
Event: 2635.537 {heap Before GC invocations=37 (full 0):
 garbage-first heap   total reserved 4147200K, committed 49152K, used 42005K [0x0000000702e00000, 0x0000000800000000)
  region size 2048K, 12 young (24576K), 1 survivors (2048K)
}
Event: 2635.538 {heap After GC invocations=38 (full 0):
 garbage-first heap   total reserved 4147200K, committed 49152K, used 19497K [0x0000000702e00000, 0x0000000800000000)
  region size 2048K, 1 young (2048K), 1 survivors (2048K)
}
Event: 2704.866 {heap Before GC invocations=38 (full 0):
 garbage-first heap   total reserved 4147200K, committed 49152K, used 42025K [0x0000000702e00000, 0x0000000800000000)
  region size 2048K, 12 young (24576K), 1 survivors (2048K)
}
Event: 2704.870 {heap After GC invocations=39 (full 0):
 garbage-first heap   total reserved 4147200K, committed 49152K, used 19497K [0x0000000702e00000, 0x0000000800000000)
  region size 2048K, 1 young (2048K), 1 survivors (2048K)
}
Event: 2774.331 {heap Before GC invocations=39 (full 0):
 garbage-first heap   total reserved 4147200K, committed 49152K, used 42025K [0x0000000702e00000, 0x0000000800000000)
  region size 2048K, 12 young (24576K), 1 survivors (2048K)
}
Event: 2774.333 {heap After GC invocations=40 (full 0):
 garbage-first heap   total reserved 4147200K, committed 49152K, used 19497K [0x0000000702e00000, 0x0000000800000000)
  region size 2048K, 1 young (2048K), 1 survivors (2048K)
}
Event: 2966.557 {heap Before GC invocations=40 (full 0):
 garbage-first heap   total reserved 4147200K, committed 49152K, used 42025K [0x0000000702e00000, 0x0000000800000000)
  region size 2048K, 12 young (24576K), 1 survivors (2048K)
}
Event: 2966.560 {heap After GC invocations=41 (full 0):
 garbage-first heap   total reserved 4147200K, committed 49152K, used 20594K [0x0000000702e00000, 0x0000000800000000)
  region size 2048K, 1 young (2048K), 1 survivors (2048K)
}
Event: 3074.322 {heap Before GC invocations=41 (full 0):
 garbage-first heap   total reserved 4147200K, committed 49152K, used 43122K [0x0000000702e00000, 0x0000000800000000)
  region size 2048K, 12 young (24576K), 1 survivors (2048K)
}
Event: 3074.331 {heap After GC invocations=42 (full 0):
 garbage-first heap   total reserved 4147200K, committed 49152K, used 23127K [0x0000000702e00000, 0x0000000800000000)
  region size 2048K, 2 young (4096K), 2 survivors (4096K)
}
Event: 3110.916 {heap Before GC invocations=42 (full 0):
 garbage-first heap   total reserved 4147200K, committed 49152K, used 43607K [0x0000000702e00000, 0x0000000800000000)
  region size 2048K, 12 young (24576K), 2 survivors (4096K)
}
Event: 3110.927 {heap After GC invocations=43 (full 0):
 garbage-first heap   total reserved 4147200K, committed 53248K, used 25465K [0x0000000702e00000, 0x0000000800000000)
  region size 2048K, 2 young (4096K), 2 survivors (4096K)
}
Event: 3142.138 {heap Before GC invocations=43 (full 0):
 garbage-first heap   total reserved 4147200K, committed 53248K, used 43897K [0x0000000702e00000, 0x0000000800000000)
  region size 2048K, 11 young (22528K), 2 survivors (4096K)
}
Event: 3142.146 {heap After GC invocations=44 (full 0):
 garbage-first heap   total reserved 4147200K, committed 53248K, used 25888K [0x0000000702e00000, 0x0000000800000000)
  region size 2048K, 1 young (2048K), 1 survivors (2048K)
}
Event: 3184.242 {heap Before GC invocations=45 (full 0):
 garbage-first heap   total reserved 4147200K, committed 53248K, used 46368K [0x0000000702e00000, 0x0000000800000000)
  region size 2048K, 11 young (22528K), 1 survivors (2048K)
}
Event: 3184.246 {heap After GC invocations=46 (full 0):
 garbage-first heap   total reserved 4147200K, committed 53248K, used 25840K [0x0000000702e00000, 0x0000000800000000)
  region size 2048K, 1 young (2048K), 1 survivors (2048K)
}
Event: 3481.444 {heap Before GC invocations=46 (full 0):
 garbage-first heap   total reserved 4147200K, committed 53248K, used 46320K [0x0000000702e00000, 0x0000000800000000)
  region size 2048K, 11 young (22528K), 1 survivors (2048K)
}
Event: 3481.450 {heap After GC invocations=47 (full 0):
 garbage-first heap   total reserved 4147200K, committed 53248K, used 23411K [0x0000000702e00000, 0x0000000800000000)
  region size 2048K, 1 young (2048K), 1 survivors (2048K)
}
Event: 3616.304 {heap Before GC invocations=47 (full 0):
 garbage-first heap   total reserved 4147200K, committed 53248K, used 45939K [0x0000000702e00000, 0x0000000800000000)
  region size 2048K, 12 young (24576K), 1 survivors (2048K)
}
Event: 3616.308 {heap After GC invocations=48 (full 0):
 garbage-first heap   total reserved 4147200K, committed 53248K, used 23482K [0x0000000702e00000, 0x0000000800000000)
  region size 2048K, 1 young (2048K), 1 survivors (2048K)
}

