# JRE version: OpenJDK Runtime Environment Zulu25.30+17-CA (25.0.1+8) (build 25.0.1+8-LTS)
# Java VM: OpenJDK 64-Bit Server VM Zulu25.30+17-CA (25.0.1+8-LTS, mixed mode, sharing, tiered, compressed oops, compressed class ptrs, g1 gc, windows-amd64)
GC Precious Log:
 CardTable entry size: 512
 Card Set container configuration: InlinePtr #cards 4 size 8 Array Of Cards #cards 16 size 48 Howl #buckets 8 coarsen threshold 3686 Howl Bitmap #cards 512 size 80 coarsen threshold 460 Card regions per heap region 1 cards per card region 4096
 CPUs: 8 total, 8 available
 Memory: 16198M
 Large Page Support: Disabled
 NUMA Support: Disabled
 Compressed Oops: Enabled (Zero based)
 Heap Region Size: 2M
 Heap Min Capacity: 8M
 Heap Initial Capacity: 254M
 Heap Max Capacity: 4050M
 Pre-touch: Disabled
 Parallel Workers: 8
 Concurrent Workers: 2
 Concurrent Refinement Workers: 8
 Periodic GC: Disabled
Heap:
 garbage-first heap   total reserved 4147200K, committed 49152K, used 27042K [0x0000000702e00000, 0x0000000800000000)
  region size 2048K, 5 young (10240K), 1 survivors (2048K)
GC Heap Usage History (20 events):
Event: 933.234 {heap Before GC invocations=29 (full 0):
 garbage-first heap   total reserved 4147200K, committed 49152K, used 43445K [0x0000000702e00000, 0x0000000800000000)
  region size 2048K, 11 young (22528K), 1 survivors (2048K)
}
Event: 933.238 {heap After GC invocations=30 (full 0):
 garbage-first heap   total reserved 4147200K, committed 49152K, used 22119K [0x0000000702e00000, 0x0000000800000000)
  region size 2048K, 1 young (2048K), 1 survivors (2048K)
}
Event: 955.259 {heap Before GC invocations=30 (full 0):
 garbage-first heap   total reserved 4147200K, committed 49152K, used 42599K [0x0000000702e00000, 0x0000000800000000)
  region size 2048K, 11 young (22528K), 1 survivors (2048K)
}
Event: 955.262 {heap After GC invocations=31 (full 0):
 garbage-first heap   total reserved 4147200K, committed 49152K, used 22119K [0x0000000702e00000, 0x0000000800000000)
  region size 2048K, 1 young (2048K), 1 survivors (2048K)
}
Event: 975.239 {heap Before GC invocations=32 (full 0):
 garbage-first heap   total reserved 4147200K, committed 49152K, used 42599K [0x0000000702e00000, 0x0000000800000000)
  region size 2048K, 11 young (22528K), 1 survivors (2048K)
}
Event: 975.245 {heap After GC invocations=33 (full 0):
 garbage-first heap   total reserved 4147200K, committed 49152K, used 22151K [0x0000000702e00000, 0x0000000800000000)
  region size 2048K, 1 young (2048K), 1 survivors (2048K)
}
Event: 997.234 {heap Before GC invocations=33 (full 0):
 garbage-first heap   total reserved 4147200K, committed 49152K, used 42631K [0x0000000702e00000, 0x0000000800000000)
  region size 2048K, 11 young (22528K), 1 survivors (2048K)
}
Event: 997.239 {heap After GC invocations=34 (full 0):
 garbage-first heap   total reserved 4147200K, committed 49152K, used 21687K [0x0000000702e00000, 0x0000000800000000)
  region size 2048K, 1 young (2048K), 1 survivors (2048K)
}
Event: 1019.228 {heap Before GC invocations=34 (full 0):
 garbage-first heap   total reserved 4147200K, committed 49152K, used 42167K [0x0000000702e00000, 0x0000000800000000)
  region size 2048K, 11 young (22528K), 1 survivors (2048K)
}
Event: 1019.235 {heap After GC invocations=35 (full 0):
 garbage-first heap   total reserved 4147200K, committed 49152K, used 21677K [0x0000000702e00000, 0x0000000800000000)
  region size 2048K, 1 young (2048K), 1 survivors (2048K)
}
Event: 1042.227 {heap Before GC invocations=36 (full 0):
 garbage-first heap   total reserved 4147200K, committed 49152K, used 42157K [0x0000000702e00000, 0x0000000800000000)
  region size 2048K, 11 young (22528K), 1 survivors (2048K)
}
Event: 1042.230 {heap After GC invocations=37 (full 0):
 garbage-first heap   total reserved 4147200K, committed 49152K, used 21689K [0x0000000702e00000, 0x0000000800000000)
  region size 2048K, 1 young (2048K), 1 survivors (2048K)
}
Event: 1064.347 {heap Before GC invocations=37 (full 0):
 garbage-first heap   total reserved 4147200K, committed 49152K, used 42169K [0x0000000702e00000, 0x0000000800000000)
  region size 2048K, 11 young (22528K), 1 survivors (2048K)
}
Event: 1064.363 {heap After GC invocations=38 (full 0):
 garbage-first heap   total reserved 4147200K, committed 49152K, used 20903K [0x0000000702e00000, 0x0000000800000000)
  region size 2048K, 1 young (2048K), 1 survivors (2048K)
}
Event: 1089.232 {heap Before GC invocations=38 (full 0):
 garbage-first heap   total reserved 4147200K, committed 49152K, used 43431K [0x0000000702e00000, 0x0000000800000000)
  region size 2048K, 12 young (24576K), 1 survivors (2048K)
}
Event: 1089.235 {heap After GC invocations=39 (full 0):
 garbage-first heap   total reserved 4147200K, committed 49152K, used 20880K [0x0000000702e00000, 0x0000000800000000)
  region size 2048K, 1 young (2048K), 1 survivors (2048K)
}
Event: 1113.532 {heap Before GC invocations=40 (full 0):
 garbage-first heap   total reserved 4147200K, committed 49152K, used 43408K [0x0000000702e00000, 0x0000000800000000)
  region size 2048K, 12 young (24576K), 1 survivors (2048K)
}
Event: 1113.535 {heap After GC invocations=41 (full 0):
 garbage-first heap   total reserved 4147200K, committed 49152K, used 20883K [0x0000000702e00000, 0x0000000800000000)
  region size 2048K, 1 young (2048K), 1 survivors (2048K)
}
Event: 1137.851 {heap Before GC invocations=41 (full 0):
 garbage-first heap   total reserved 4147200K, committed 49152K, used 43411K [0x0000000702e00000, 0x0000000800000000)
  region size 2048K, 12 young (24576K), 1 survivors (2048K)
}
Event: 1137.855 {heap After GC invocations=42 (full 0):
 garbage-first heap   total reserved 4147200K, committed 49152K, used 20898K [0x0000000702e00000, 0x0000000800000000)
  region size 2048K, 1 young (2048K), 1 survivors (2048K)
}

